<?xml version="1.0" encoding="UTF-8"?>
<!-- Generated by org.testng.reporters.JUnitReportReporter -->
<testsuite hostname="pirozhok-GF63-8RC" failures="0" tests="3" name="org.testing.test.SignInOnTravellingPageTest" time="22.116" errors="0" timestamp="2021-12-14T15:35:55 MSK" skipped="0">
  <testcase classname="org.testing.test.SignInOnTravellingPageTest" name="testSignInAccountWithCredentialsFromPropertyOnTravellingPage" time="7.758"/>
  <system-out/>
  <testcase classname="org.testing.test.SignInOnTravellingPageTest" name="testSignInAccountWithEmptyUserEmailOnTravellingPage" time="7.460"/>
  <system-out/>
  <testcase classname="org.testing.test.SignInOnTravellingPageTest" name="testSignInAccountWithEmptyUserPasswordOnTravellingPage" time="6.898"/>
  <system-out/>
</testsuite> <!-- org.testing.test.SignInOnTravellingPageTest -->
