<?xml version="1.0" encoding="UTF-8"?>
<!-- Generated by org.testng.reporters.JUnitReportReporter -->
<testsuite hostname="pirozhok-GF63-8RC" failures="0" tests="2" name="org.testing.test.SearchResultOnTravellingPageTest" time="15.668" errors="0" timestamp="2021-12-14T06:27:11 MSK" skipped="0">
  <testcase classname="org.testing.test.SearchResultOnTravellingPageTest" name="testSearchAviaTicketsWithCredentialsFromPropertyForTravel" time="7.956"/>
  <system-out/>
  <testcase classname="org.testing.test.SearchResultOnTravellingPageTest" name="testSearchAviaTicketsWithEmptyArrivalCityForTravel" time="7.712"/>
  <system-out/>
</testsuite> <!-- org.testing.test.SearchResultOnTravellingPageTest -->
