<?xml version="1.0" encoding="UTF-8"?>
<!-- Generated by org.testng.reporters.JUnitReportReporter -->
<testsuite hostname="pirozhok-GF63-8RC" failures="0" tests="3" name="org.testing.test.SignInOnTravellingPageTest" time="20.418" errors="0" timestamp="2021-12-14T06:27:11 MSK" skipped="0">
  <testcase classname="org.testing.test.SignInOnTravellingPageTest" name="testSignInAccountWithEmptyUserPasswordOnTravellingPage" time="5.278"/>
  <system-out/>
  <testcase classname="org.testing.test.SignInOnTravellingPageTest" name="testSignInAccountWithCredentialsFromPropertyOnTravellingPage" time="7.126"/>
  <system-out/>
  <testcase classname="org.testing.test.SignInOnTravellingPageTest" name="testSignInAccountWithEmptyUserEmailOnTravellingPage" time="8.014"/>
  <system-out/>
</testsuite> <!-- org.testing.test.SignInOnTravellingPageTest -->
