<?xml version="1.0" encoding="UTF-8"?>
<!-- Generated by org.testng.reporters.JUnitReportReporter -->
<testsuite hostname="pirozhok-GF63-8RC" failures="0" tests="2" name="org.testing.test.OrderAviaTicketsOnTravellingPageTest" time="55.663" errors="0" timestamp="2021-12-14T15:35:55 MSK" skipped="0">
  <testcase classname="org.testing.test.OrderAviaTicketsOnTravellingPageTest" name="testOrderAviaTicketsWithEmptyDepartureCityOnTravellingPage" time="30.781"/>
  <system-out/>
  <testcase classname="org.testing.test.OrderAviaTicketsOnTravellingPageTest" name="testOrderAviaTicketsWithCredentialsFromPropertyOnTravellingPage" time="24.882"/>
  <system-out/>
</testsuite> <!-- org.testing.test.OrderAviaTicketsOnTravellingPageTest -->
