<?xml version="1.0" encoding="UTF-8"?>
<!-- Generated by org.testng.reporters.JUnitReportReporter -->
<testsuite hostname="pirozhok-GF63-8RC" failures="0" tests="1" name="org.testing.test.OrderHotelTicketsOnTravellingPageTest" time="6.208" errors="0" timestamp="2021-12-14T06:27:11 MSK" skipped="0">
  <testcase classname="org.testing.test.OrderHotelTicketsOnTravellingPageTest" name="testOrderHotelsWithTestDataHotelOnTravellingPage" time="6.208"/>
  <system-out/>
</testsuite> <!-- org.testing.test.OrderHotelTicketsOnTravellingPageTest -->
