<?xml version="1.0" encoding="UTF-8"?>
<!-- Generated by org.testng.reporters.JUnitReportReporter -->
<testsuite hostname="pirozhok-GF63-8RC" failures="0" tests="2" name="org.testing.test.OrderAviaTicketsOnTravellingPageTest" time="11.276" errors="0" timestamp="2021-12-14T06:27:11 MSK" skipped="0">
  <testcase classname="org.testing.test.OrderAviaTicketsOnTravellingPageTest" name="testOrderAviaTicketsWithCredentialsFromPropertyOnTravellingPage" time="5.594"/>
  <system-out/>
  <testcase classname="org.testing.test.OrderAviaTicketsOnTravellingPageTest" name="testOrderAviaTicketsWithEmptyDepartureCityOnTravellingPage" time="5.682"/>
  <system-out/>
</testsuite> <!-- org.testing.test.OrderAviaTicketsOnTravellingPageTest -->
